<?xml version="1.0" encoding="UTF-8"?>
<!-- Generated by org.testng.reporters.JUnitXMLReporter -->
<testsuite ignored="0" hostname="LAPTOP-5ECUN051" failures="0" tests="13" name="Test" time="0.15" errors="0" timestamp="15 Jan 2023 13:32:21 GMT">
  <testcase classname="basictestng.Sample4" name="a_signUp" time="0.029"/>
  <testcase classname="basictestng.Sample4" name="b_login" time="0.002"/>
  <testcase classname="basictestng.Sample4" name="c_compose" time="0.002"/>
  <testcase classname="basictestng.Sample3" name="compose" time="0.001"/>
  <testcase classname="basictestng.Sample3" name="login" time="0.003"/>
  <testcase classname="basictestng.Sample3" name="signUp" time="0.005"/>
  <testcase classname="basictestng.Sample2" name="testCase1" time="0.002"/>
  <testcase classname="basictestng.Sample2" name="testCase2" time="0.002"/>
  <testcase classname="basictestng.Sample2" name="testCase3" time="0.002"/>
  <testcase classname="basictestng.Sample1" name="testCase1" time="0.002"/>
  <testcase classname="basictestng.Sample5" name="a_loginInToActitime" time="0.002"/>
  <testcase classname="basictestng.Sample5" name="a_verifyTaskDeletion" time="0.002"/>
  <testcase classname="basictestng.Sample5" name="b_verifyTaskCreation" time="0.001"/>
</testsuite> <!-- Test -->
